{"C:\\Users\\revir\\Desktop\\HACKTIV\\Hacktiv8\\fase 2\\Individual Project\\IP-RMT50\\server\\app.js": {"path":"C:\\Users\\revir\\Desktop\\HACKTIV\\Hacktiv8\\fase 2\\Individual Project\\IP-RMT50\\server\\app.js","statementMap":{"0":{"start":{"line":1,"column":20},"end":{"line":1,"column":97}},"1":{"start":{"line":2,"column":0},"end":{"line":4,"column":1}},"2":{"start":{"line":3,"column":2},"end":{"line":3,"column":29}},"3":{"start":{"line":6,"column":13},"end":{"line":6,"column":28}},"4":{"start":{"line":7,"column":16},"end":{"line":7,"column":34}},"5":{"start":{"line":8,"column":12},"end":{"line":8,"column":21}},"6":{"start":{"line":9,"column":15},"end":{"line":9,"column":34}},"7":{"start":{"line":10,"column":21},"end":{"line":10,"column":58}},"8":{"start":{"line":12,"column":0},"end":{"line":12,"column":16}},"9":{"start":{"line":13,"column":0},"end":{"line":13,"column":49}},"10":{"start":{"line":14,"column":0},"end":{"line":14,"column":24}},"11":{"start":{"line":15,"column":0},"end":{"line":15,"column":16}},"12":{"start":{"line":16,"column":0},"end":{"line":16,"column":22}},"13":{"start":{"line":22,"column":0},"end":{"line":22,"column":21}},"14":{"start":{"line":29,"column":85},"end":{"line":29,"column":38892}},"15":{"start":{"line":29,"column":89},"end":{"line":29,"column":38881}}},"fnMap":{"0":{"name":"oo_cm","decl":{"start":{"line":29,"column":77},"end":{"line":29,"column":82}},"loc":{"start":{"line":29,"column":84},"end":{"line":29,"column":38893}},"line":29}},"branchMap":{"0":{"loc":{"start":{"line":2,"column":0},"end":{"line":4,"column":1}},"type":"if","locations":[{"start":{"line":2,"column":0},"end":{"line":4,"column":1}},{"start":{},"end":{}}],"line":2},"1":{"loc":{"start":{"line":29,"column":96},"end":{"line":29,"column":38880}},"type":"binary-expr","locations":[{"start":{"line":29,"column":96},"end":{"line":29,"column":133}},{"start":{"line":29,"column":137},"end":{"line":29,"column":38880}}],"line":29}},"s":{"0":3,"1":3,"2":3,"3":3,"4":3,"5":3,"6":3,"7":3,"8":3,"9":3,"10":3,"11":3,"12":3,"13":3,"14":3,"15":3},"f":{"0":3},"b":{"0":[3,0],"1":[3,3]},"_coverageSchema":"1a1c01bbd47fc00a2c39e90264f33305004495a9","hash":"31b86ebc795daf5842519879c089fc40c0e12d94"}
,"C:\\Users\\revir\\Desktop\\HACKTIV\\Hacktiv8\\fase 2\\Individual Project\\IP-RMT50\\server\\controllers\\characterController.js": {"path":"C:\\Users\\revir\\Desktop\\HACKTIV\\Hacktiv8\\fase 2\\Individual Project\\IP-RMT50\\server\\controllers\\characterController.js","statementMap":{"0":{"start":{"line":1,"column":37},"end":{"line":1,"column":57}},"1":{"start":{"line":3,"column":0},"end":{"line":117,"column":2}},"2":{"start":{"line":5,"column":71},"end":{"line":5,"column":79}},"3":{"start":{"line":6,"column":4},"end":{"line":18,"column":5}},"4":{"start":{"line":7,"column":19},"end":{"line":14,"column":8}},"5":{"start":{"line":15,"column":6},"end":{"line":15,"column":33}},"6":{"start":{"line":17,"column":6},"end":{"line":17,"column":16}},"7":{"start":{"line":22,"column":37},"end":{"line":22,"column":46}},"8":{"start":{"line":23,"column":4},"end":{"line":51,"column":5}},"9":{"start":{"line":24,"column":21},"end":{"line":24,"column":39}},"10":{"start":{"line":25,"column":30},"end":{"line":37,"column":8}},"11":{"start":{"line":39,"column":6},"end":{"line":41,"column":7}},"12":{"start":{"line":40,"column":8},"end":{"line":40,"column":73}},"13":{"start":{"line":43,"column":6},"end":{"line":48,"column":9}},"14":{"start":{"line":50,"column":6},"end":{"line":50,"column":16}},"15":{"start":{"line":55,"column":15},"end":{"line":55,"column":28}},"16":{"start":{"line":56,"column":4},"end":{"line":66,"column":5}},"17":{"start":{"line":57,"column":24},"end":{"line":59,"column":8}},"18":{"start":{"line":60,"column":6},"end":{"line":62,"column":7}},"19":{"start":{"line":61,"column":8},"end":{"line":61,"column":55}},"20":{"start":{"line":63,"column":6},"end":{"line":63,"column":38}},"21":{"start":{"line":65,"column":6},"end":{"line":65,"column":16}},"22":{"start":{"line":70,"column":71},"end":{"line":70,"column":79}},"23":{"start":{"line":71,"column":15},"end":{"line":71,"column":28}},"24":{"start":{"line":72,"column":4},"end":{"line":88,"column":5}},"25":{"start":{"line":73,"column":24},"end":{"line":73,"column":52}},"26":{"start":{"line":74,"column":6},"end":{"line":76,"column":7}},"27":{"start":{"line":75,"column":8},"end":{"line":75,"column":55}},"28":{"start":{"line":77,"column":6},"end":{"line":84,"column":9}},"29":{"start":{"line":85,"column":6},"end":{"line":85,"column":71}},"30":{"start":{"line":87,"column":6},"end":{"line":87,"column":16}},"31":{"start":{"line":92,"column":15},"end":{"line":92,"column":28}},"32":{"start":{"line":93,"column":4},"end":{"line":102,"column":5}},"33":{"start":{"line":94,"column":24},"end":{"line":94,"column":52}},"34":{"start":{"line":95,"column":6},"end":{"line":97,"column":7}},"35":{"start":{"line":96,"column":8},"end":{"line":96,"column":47}},"36":{"start":{"line":98,"column":6},"end":{"line":98,"column":53}},"37":{"start":{"line":99,"column":6},"end":{"line":99,"column":71}},"38":{"start":{"line":101,"column":6},"end":{"line":101,"column":16}},"39":{"start":{"line":106,"column":21},"end":{"line":106,"column":30}},"40":{"start":{"line":107,"column":4},"end":{"line":115,"column":5}},"41":{"start":{"line":108,"column":25},"end":{"line":111,"column":8}},"42":{"start":{"line":112,"column":6},"end":{"line":112,"column":39}},"43":{"start":{"line":114,"column":6},"end":{"line":114,"column":16}}},"fnMap":{"0":{"name":"(anonymous_0)","decl":{"start":{"line":4,"column":2},"end":{"line":4,"column":3}},"loc":{"start":{"line":4,"column":40},"end":{"line":19,"column":3}},"line":4},"1":{"name":"(anonymous_1)","decl":{"start":{"line":21,"column":2},"end":{"line":21,"column":3}},"loc":{"start":{"line":21,"column":38},"end":{"line":52,"column":3}},"line":21},"2":{"name":"(anonymous_2)","decl":{"start":{"line":54,"column":2},"end":{"line":54,"column":3}},"loc":{"start":{"line":54,"column":41},"end":{"line":67,"column":3}},"line":54},"3":{"name":"(anonymous_3)","decl":{"start":{"line":69,"column":2},"end":{"line":69,"column":3}},"loc":{"start":{"line":69,"column":44},"end":{"line":89,"column":3}},"line":69},"4":{"name":"(anonymous_4)","decl":{"start":{"line":91,"column":2},"end":{"line":91,"column":3}},"loc":{"start":{"line":91,"column":44},"end":{"line":103,"column":3}},"line":91},"5":{"name":"(anonymous_5)","decl":{"start":{"line":105,"column":2},"end":{"line":105,"column":3}},"loc":{"start":{"line":105,"column":47},"end":{"line":116,"column":3}},"line":105}},"branchMap":{"0":{"loc":{"start":{"line":22,"column":12},"end":{"line":22,"column":20}},"type":"default-arg","locations":[{"start":{"line":22,"column":19},"end":{"line":22,"column":20}}],"line":22},"1":{"loc":{"start":{"line":22,"column":22},"end":{"line":22,"column":32}},"type":"default-arg","locations":[{"start":{"line":22,"column":30},"end":{"line":22,"column":32}}],"line":22},"2":{"loc":{"start":{"line":39,"column":6},"end":{"line":41,"column":7}},"type":"if","locations":[{"start":{"line":39,"column":6},"end":{"line":41,"column":7}},{"start":{},"end":{}}],"line":39},"3":{"loc":{"start":{"line":60,"column":6},"end":{"line":62,"column":7}},"type":"if","locations":[{"start":{"line":60,"column":6},"end":{"line":62,"column":7}},{"start":{},"end":{}}],"line":60},"4":{"loc":{"start":{"line":74,"column":6},"end":{"line":76,"column":7}},"type":"if","locations":[{"start":{"line":74,"column":6},"end":{"line":76,"column":7}},{"start":{},"end":{}}],"line":74},"5":{"loc":{"start":{"line":95,"column":6},"end":{"line":97,"column":7}},"type":"if","locations":[{"start":{"line":95,"column":6},"end":{"line":97,"column":7}},{"start":{},"end":{}}],"line":95}},"s":{"0":3,"1":3,"2":0,"3":0,"4":0,"5":0,"6":0,"7":0,"8":0,"9":0,"10":0,"11":0,"12":0,"13":0,"14":0,"15":0,"16":0,"17":0,"18":0,"19":0,"20":0,"21":0,"22":0,"23":0,"24":0,"25":0,"26":0,"27":0,"28":0,"29":0,"30":0,"31":0,"32":0,"33":0,"34":0,"35":0,"36":0,"37":0,"38":0,"39":0,"40":0,"41":0,"42":0,"43":0},"f":{"0":0,"1":0,"2":0,"3":0,"4":0,"5":0},"b":{"0":[0],"1":[0],"2":[0,0],"3":[0,0],"4":[0,0],"5":[0,0]},"_coverageSchema":"1a1c01bbd47fc00a2c39e90264f33305004495a9","hash":"1ee1b68d7fc9276ae52d65d2c57c613ea01fab5d"}
,"C:\\Users\\revir\\Desktop\\HACKTIV\\Hacktiv8\\fase 2\\Individual Project\\IP-RMT50\\server\\controllers\\userController.js": {"path":"C:\\Users\\revir\\Desktop\\HACKTIV\\Hacktiv8\\fase 2\\Individual Project\\IP-RMT50\\server\\controllers\\userController.js","statementMap":{"0":{"start":{"line":1,"column":17},"end":{"line":1,"column":37}},"1":{"start":{"line":2,"column":28},"end":{"line":2,"column":56}},"2":{"start":{"line":3,"column":22},"end":{"line":3,"column":47}},"3":{"start":{"line":4,"column":15},"end":{"line":4,"column":45}},"4":{"start":{"line":5,"column":25},"end":{"line":5,"column":55}},"5":{"start":{"line":6,"column":15},"end":{"line":6,"column":33}},"6":{"start":{"line":7,"column":23},"end":{"line":7,"column":49}},"7":{"start":{"line":9,"column":0},"end":{"line":242,"column":2}},"8":{"start":{"line":11,"column":4},"end":{"line":24,"column":5}},"9":{"start":{"line":13,"column":8},"end":{"line":13,"column":35}},"10":{"start":{"line":14,"column":6},"end":{"line":21,"column":9}},"11":{"start":{"line":23,"column":6},"end":{"line":23,"column":16}},"12":{"start":{"line":28,"column":32},"end":{"line":28,"column":40}},"13":{"start":{"line":29,"column":4},"end":{"line":53,"column":5}},"14":{"start":{"line":30,"column":6},"end":{"line":32,"column":7}},"15":{"start":{"line":31,"column":8},"end":{"line":31,"column":44}},"16":{"start":{"line":33,"column":6},"end":{"line":35,"column":7}},"17":{"start":{"line":34,"column":8},"end":{"line":34,"column":47}},"18":{"start":{"line":36,"column":19},"end":{"line":36,"column":59}},"19":{"start":{"line":38,"column":6},"end":{"line":40,"column":7}},"20":{"start":{"line":39,"column":8},"end":{"line":39,"column":38}},"21":{"start":{"line":42,"column":30},"end":{"line":42,"column":70}},"22":{"start":{"line":44,"column":6},"end":{"line":46,"column":7}},"23":{"start":{"line":45,"column":8},"end":{"line":45,"column":43}},"24":{"start":{"line":48,"column":20},"end":{"line":48,"column":46}},"25":{"start":{"line":50,"column":6},"end":{"line":50,"column":52}},"26":{"start":{"line":52,"column":6},"end":{"line":52,"column":16}},"27":{"start":{"line":56,"column":4},"end":{"line":84,"column":5}},"28":{"start":{"line":57,"column":6},"end":{"line":59,"column":7}},"29":{"start":{"line":58,"column":8},"end":{"line":58,"column":62}},"30":{"start":{"line":70,"column":10},"end":{"line":70,"column":37}},"31":{"start":{"line":72,"column":6},"end":{"line":81,"column":9}},"32":{"start":{"line":83,"column":6},"end":{"line":83,"column":16}},"33":{"start":{"line":88,"column":4},"end":{"line":93,"column":5}},"34":{"start":{"line":89,"column":19},"end":{"line":89,"column":39}},"35":{"start":{"line":90,"column":6},"end":{"line":90,"column":37}},"36":{"start":{"line":92,"column":6},"end":{"line":92,"column":16}},"37":{"start":{"line":97,"column":19},"end":{"line":97,"column":30}},"38":{"start":{"line":98,"column":4},"end":{"line":106,"column":5}},"39":{"start":{"line":99,"column":19},"end":{"line":99,"column":46}},"40":{"start":{"line":100,"column":6},"end":{"line":102,"column":7}},"41":{"start":{"line":101,"column":8},"end":{"line":101,"column":51}},"42":{"start":{"line":103,"column":6},"end":{"line":103,"column":33}},"43":{"start":{"line":105,"column":6},"end":{"line":105,"column":16}},"44":{"start":{"line":110,"column":19},"end":{"line":110,"column":32}},"45":{"start":{"line":111,"column":4},"end":{"line":125,"column":5}},"46":{"start":{"line":112,"column":24},"end":{"line":115,"column":8}},"47":{"start":{"line":117,"column":6},"end":{"line":119,"column":7}},"48":{"start":{"line":118,"column":8},"end":{"line":118,"column":51}},"49":{"start":{"line":121,"column":26},"end":{"line":121,"column":53}},"50":{"start":{"line":122,"column":6},"end":{"line":122,"column":78}},"51":{"start":{"line":124,"column":6},"end":{"line":124,"column":16}},"52":{"start":{"line":129,"column":19},"end":{"line":129,"column":32}},"53":{"start":{"line":130,"column":4},"end":{"line":140,"column":5}},"54":{"start":{"line":131,"column":22},"end":{"line":131,"column":67}},"55":{"start":{"line":133,"column":6},"end":{"line":135,"column":7}},"56":{"start":{"line":134,"column":8},"end":{"line":134,"column":51}},"57":{"start":{"line":137,"column":6},"end":{"line":137,"column":28}},"58":{"start":{"line":139,"column":6},"end":{"line":139,"column":16}},"59":{"start":{"line":144,"column":4},"end":{"line":152,"column":5}},"60":{"start":{"line":145,"column":25},"end":{"line":145,"column":33}},"61":{"start":{"line":146,"column":17},"end":{"line":146,"column":37}},"62":{"start":{"line":148,"column":6},"end":{"line":148,"column":33}},"63":{"start":{"line":150,"column":6},"end":{"line":150,"column":25}},"64":{"start":{"line":151,"column":6},"end":{"line":151,"column":16}},"65":{"start":{"line":156,"column":4},"end":{"line":177,"column":5}},"66":{"start":{"line":157,"column":21},"end":{"line":161,"column":8}},"67":{"start":{"line":162,"column":22},"end":{"line":162,"column":41}},"68":{"start":{"line":163,"column":30},"end":{"line":171,"column":8}},"69":{"start":{"line":173,"column":20},"end":{"line":173,"column":46}},"70":{"start":{"line":174,"column":6},"end":{"line":174,"column":68}},"71":{"start":{"line":176,"column":6},"end":{"line":176,"column":16}},"72":{"start":{"line":181,"column":4},"end":{"line":193,"column":5}},"73":{"start":{"line":182,"column":6},"end":{"line":187,"column":8}},"74":{"start":{"line":188,"column":6},"end":{"line":190,"column":74}},"75":{"start":{"line":192,"column":6},"end":{"line":192,"column":16}},"76":{"start":{"line":197,"column":4},"end":{"line":240,"column":5}},"77":{"start":{"line":198,"column":19},"end":{"line":198,"column":51}},"78":{"start":{"line":199,"column":6},"end":{"line":205,"column":7}},"79":{"start":{"line":200,"column":8},"end":{"line":204,"column":10}},"80":{"start":{"line":207,"column":6},"end":{"line":213,"column":7}},"81":{"start":{"line":208,"column":8},"end":{"line":212,"column":10}},"82":{"start":{"line":215,"column":17},"end":{"line":218,"column":8}},"83":{"start":{"line":220,"column":22},"end":{"line":233,"column":7}},"84":{"start":{"line":235,"column":28},"end":{"line":235,"column":67}},"85":{"start":{"line":236,"column":6},"end":{"line":236,"column":42}},"86":{"start":{"line":239,"column":6},"end":{"line":239,"column":16}}},"fnMap":{"0":{"name":"(anonymous_0)","decl":{"start":{"line":10,"column":2},"end":{"line":10,"column":3}},"loc":{"start":{"line":10,"column":33},"end":{"line":25,"column":3}},"line":10},"1":{"name":"(anonymous_1)","decl":{"start":{"line":27,"column":2},"end":{"line":27,"column":3}},"loc":{"start":{"line":27,"column":30},"end":{"line":54,"column":3}},"line":27},"2":{"name":"(anonymous_2)","decl":{"start":{"line":55,"column":2},"end":{"line":55,"column":3}},"loc":{"start":{"line":55,"column":35},"end":{"line":85,"column":3}},"line":55},"3":{"name":"(anonymous_3)","decl":{"start":{"line":87,"column":2},"end":{"line":87,"column":3}},"loc":{"start":{"line":87,"column":32},"end":{"line":94,"column":3}},"line":87},"4":{"name":"(anonymous_4)","decl":{"start":{"line":96,"column":2},"end":{"line":96,"column":3}},"loc":{"start":{"line":96,"column":36},"end":{"line":107,"column":3}},"line":96},"5":{"name":"(anonymous_5)","decl":{"start":{"line":109,"column":2},"end":{"line":109,"column":3}},"loc":{"start":{"line":109,"column":35},"end":{"line":126,"column":3}},"line":109},"6":{"name":"(anonymous_6)","decl":{"start":{"line":128,"column":2},"end":{"line":128,"column":3}},"loc":{"start":{"line":128,"column":35},"end":{"line":141,"column":3}},"line":128},"7":{"name":"(anonymous_7)","decl":{"start":{"line":143,"column":2},"end":{"line":143,"column":3}},"loc":{"start":{"line":143,"column":33},"end":{"line":153,"column":3}},"line":143},"8":{"name":"(anonymous_8)","decl":{"start":{"line":155,"column":2},"end":{"line":155,"column":3}},"loc":{"start":{"line":155,"column":36},"end":{"line":178,"column":3}},"line":155},"9":{"name":"(anonymous_9)","decl":{"start":{"line":180,"column":2},"end":{"line":180,"column":3}},"loc":{"start":{"line":180,"column":34},"end":{"line":194,"column":3}},"line":180},"10":{"name":"(anonymous_10)","decl":{"start":{"line":196,"column":2},"end":{"line":196,"column":3}},"loc":{"start":{"line":196,"column":33},"end":{"line":241,"column":3}},"line":196}},"branchMap":{"0":{"loc":{"start":{"line":30,"column":6},"end":{"line":32,"column":7}},"type":"if","locations":[{"start":{"line":30,"column":6},"end":{"line":32,"column":7}},{"start":{},"end":{}}],"line":30},"1":{"loc":{"start":{"line":33,"column":6},"end":{"line":35,"column":7}},"type":"if","locations":[{"start":{"line":33,"column":6},"end":{"line":35,"column":7}},{"start":{},"end":{}}],"line":33},"2":{"loc":{"start":{"line":38,"column":6},"end":{"line":40,"column":7}},"type":"if","locations":[{"start":{"line":38,"column":6},"end":{"line":40,"column":7}},{"start":{},"end":{}}],"line":38},"3":{"loc":{"start":{"line":44,"column":6},"end":{"line":46,"column":7}},"type":"if","locations":[{"start":{"line":44,"column":6},"end":{"line":46,"column":7}},{"start":{},"end":{}}],"line":44},"4":{"loc":{"start":{"line":57,"column":6},"end":{"line":59,"column":7}},"type":"if","locations":[{"start":{"line":57,"column":6},"end":{"line":59,"column":7}},{"start":{},"end":{}}],"line":57},"5":{"loc":{"start":{"line":100,"column":6},"end":{"line":102,"column":7}},"type":"if","locations":[{"start":{"line":100,"column":6},"end":{"line":102,"column":7}},{"start":{},"end":{}}],"line":100},"6":{"loc":{"start":{"line":117,"column":6},"end":{"line":119,"column":7}},"type":"if","locations":[{"start":{"line":117,"column":6},"end":{"line":119,"column":7}},{"start":{},"end":{}}],"line":117},"7":{"loc":{"start":{"line":133,"column":6},"end":{"line":135,"column":7}},"type":"if","locations":[{"start":{"line":133,"column":6},"end":{"line":135,"column":7}},{"start":{},"end":{}}],"line":133},"8":{"loc":{"start":{"line":174,"column":17},"end":{"line":174,"column":36}},"type":"cond-expr","locations":[{"start":{"line":174,"column":27},"end":{"line":174,"column":30}},{"start":{"line":174,"column":33},"end":{"line":174,"column":36}}],"line":174},"9":{"loc":{"start":{"line":199,"column":6},"end":{"line":205,"column":7}},"type":"if","locations":[{"start":{"line":199,"column":6},"end":{"line":205,"column":7}},{"start":{},"end":{}}],"line":199},"10":{"loc":{"start":{"line":207,"column":6},"end":{"line":213,"column":7}},"type":"if","locations":[{"start":{"line":207,"column":6},"end":{"line":213,"column":7}},{"start":{},"end":{}}],"line":207}},"s":{"0":3,"1":3,"2":3,"3":3,"4":3,"5":3,"6":3,"7":3,"8":0,"9":0,"10":0,"11":0,"12":5,"13":5,"14":5,"15":1,"16":4,"17":1,"18":3,"19":3,"20":1,"21":2,"22":2,"23":1,"24":1,"25":1,"26":4,"27":3,"28":3,"29":0,"30":3,"31":1,"32":2,"33":0,"34":0,"35":0,"36":0,"37":0,"38":0,"39":0,"40":0,"41":0,"42":0,"43":0,"44":2,"45":2,"46":2,"47":2,"48":1,"49":1,"50":1,"51":1,"52":0,"53":0,"54":0,"55":0,"56":0,"57":0,"58":0,"59":0,"60":0,"61":0,"62":0,"63":0,"64":0,"65":0,"66":0,"67":0,"68":0,"69":0,"70":0,"71":0,"72":0,"73":0,"74":0,"75":0,"76":0,"77":0,"78":0,"79":0,"80":0,"81":0,"82":0,"83":0,"84":0,"85":0,"86":0},"f":{"0":0,"1":5,"2":3,"3":0,"4":0,"5":2,"6":0,"7":0,"8":0,"9":0,"10":0},"b":{"0":[1,4],"1":[1,3],"2":[1,2],"3":[1,1],"4":[0,3],"5":[0,0],"6":[1,1],"7":[0,0],"8":[0,0],"9":[0,0],"10":[0,0]},"_coverageSchema":"1a1c01bbd47fc00a2c39e90264f33305004495a9","hash":"e683f8c42500c2a6e03951fde25b99b6f6760cf6"}
,"C:\\Users\\revir\\Desktop\\HACKTIV\\Hacktiv8\\fase 2\\Individual Project\\IP-RMT50\\server\\controllers\\villageController.js": {"path":"C:\\Users\\revir\\Desktop\\HACKTIV\\Hacktiv8\\fase 2\\Individual Project\\IP-RMT50\\server\\controllers\\villageController.js","statementMap":{"0":{"start":{"line":1,"column":20},"end":{"line":1,"column":40}},"1":{"start":{"line":3,"column":0},"end":{"line":63,"column":2}},"2":{"start":{"line":5,"column":4},"end":{"line":10,"column":5}},"3":{"start":{"line":6,"column":40},"end":{"line":6,"column":70}},"4":{"start":{"line":7,"column":6},"end":{"line":7,"column":68}},"5":{"start":{"line":9,"column":6},"end":{"line":9,"column":16}},"6":{"start":{"line":14,"column":4},"end":{"line":19,"column":5}},"7":{"start":{"line":15,"column":23},"end":{"line":15,"column":46}},"8":{"start":{"line":16,"column":6},"end":{"line":16,"column":37}},"9":{"start":{"line":18,"column":6},"end":{"line":18,"column":16}},"10":{"start":{"line":23,"column":15},"end":{"line":23,"column":28}},"11":{"start":{"line":24,"column":4},"end":{"line":32,"column":5}},"12":{"start":{"line":25,"column":22},"end":{"line":25,"column":48}},"13":{"start":{"line":26,"column":6},"end":{"line":28,"column":7}},"14":{"start":{"line":27,"column":8},"end":{"line":27,"column":45}},"15":{"start":{"line":29,"column":6},"end":{"line":29,"column":36}},"16":{"start":{"line":31,"column":6},"end":{"line":31,"column":16}},"17":{"start":{"line":36,"column":38},"end":{"line":36,"column":46}},"18":{"start":{"line":37,"column":15},"end":{"line":37,"column":28}},"19":{"start":{"line":38,"column":4},"end":{"line":47,"column":5}},"20":{"start":{"line":39,"column":22},"end":{"line":39,"column":48}},"21":{"start":{"line":40,"column":6},"end":{"line":42,"column":7}},"22":{"start":{"line":41,"column":8},"end":{"line":41,"column":45}},"23":{"start":{"line":43,"column":6},"end":{"line":43,"column":54}},"24":{"start":{"line":44,"column":6},"end":{"line":44,"column":69}},"25":{"start":{"line":46,"column":6},"end":{"line":46,"column":16}},"26":{"start":{"line":51,"column":15},"end":{"line":51,"column":28}},"27":{"start":{"line":52,"column":4},"end":{"line":61,"column":5}},"28":{"start":{"line":53,"column":22},"end":{"line":53,"column":48}},"29":{"start":{"line":54,"column":6},"end":{"line":56,"column":7}},"30":{"start":{"line":55,"column":8},"end":{"line":55,"column":45}},"31":{"start":{"line":57,"column":6},"end":{"line":57,"column":30}},"32":{"start":{"line":58,"column":6},"end":{"line":58,"column":69}},"33":{"start":{"line":60,"column":6},"end":{"line":60,"column":16}}},"fnMap":{"0":{"name":"(anonymous_0)","decl":{"start":{"line":4,"column":2},"end":{"line":4,"column":3}},"loc":{"start":{"line":4,"column":38},"end":{"line":11,"column":3}},"line":4},"1":{"name":"(anonymous_1)","decl":{"start":{"line":13,"column":2},"end":{"line":13,"column":3}},"loc":{"start":{"line":13,"column":36},"end":{"line":20,"column":3}},"line":13},"2":{"name":"(anonymous_2)","decl":{"start":{"line":22,"column":2},"end":{"line":22,"column":3}},"loc":{"start":{"line":22,"column":39},"end":{"line":33,"column":3}},"line":22},"3":{"name":"(anonymous_3)","decl":{"start":{"line":35,"column":2},"end":{"line":35,"column":3}},"loc":{"start":{"line":35,"column":42},"end":{"line":48,"column":3}},"line":35},"4":{"name":"(anonymous_4)","decl":{"start":{"line":50,"column":2},"end":{"line":50,"column":3}},"loc":{"start":{"line":50,"column":42},"end":{"line":62,"column":3}},"line":50}},"branchMap":{"0":{"loc":{"start":{"line":26,"column":6},"end":{"line":28,"column":7}},"type":"if","locations":[{"start":{"line":26,"column":6},"end":{"line":28,"column":7}},{"start":{},"end":{}}],"line":26},"1":{"loc":{"start":{"line":40,"column":6},"end":{"line":42,"column":7}},"type":"if","locations":[{"start":{"line":40,"column":6},"end":{"line":42,"column":7}},{"start":{},"end":{}}],"line":40},"2":{"loc":{"start":{"line":54,"column":6},"end":{"line":56,"column":7}},"type":"if","locations":[{"start":{"line":54,"column":6},"end":{"line":56,"column":7}},{"start":{},"end":{}}],"line":54}},"s":{"0":3,"1":3,"2":0,"3":0,"4":0,"5":0,"6":0,"7":0,"8":0,"9":0,"10":0,"11":0,"12":0,"13":0,"14":0,"15":0,"16":0,"17":0,"18":0,"19":0,"20":0,"21":0,"22":0,"23":0,"24":0,"25":0,"26":0,"27":0,"28":0,"29":0,"30":0,"31":0,"32":0,"33":0},"f":{"0":0,"1":0,"2":0,"3":0,"4":0},"b":{"0":[0,0],"1":[0,0],"2":[0,0]},"_coverageSchema":"1a1c01bbd47fc00a2c39e90264f33305004495a9","hash":"4b89c26a97215e3a450298b19cb58675b569fc5b"}
,"C:\\Users\\revir\\Desktop\\HACKTIV\\Hacktiv8\\fase 2\\Individual Project\\IP-RMT50\\server\\helpers\\bcrypt.js": {"path":"C:\\Users\\revir\\Desktop\\HACKTIV\\Hacktiv8\\fase 2\\Individual Project\\IP-RMT50\\server\\helpers\\bcrypt.js","statementMap":{"0":{"start":{"line":1,"column":15},"end":{"line":1,"column":34}},"1":{"start":{"line":3,"column":21},"end":{"line":6,"column":1}},"2":{"start":{"line":4,"column":15},"end":{"line":4,"column":37}},"3":{"start":{"line":5,"column":2},"end":{"line":5,"column":41}},"4":{"start":{"line":8,"column":24},"end":{"line":10,"column":1}},"5":{"start":{"line":9,"column":2},"end":{"line":9,"column":54}},"6":{"start":{"line":12,"column":0},"end":{"line":15,"column":2}}},"fnMap":{"0":{"name":"(anonymous_0)","decl":{"start":{"line":3,"column":21},"end":{"line":3,"column":22}},"loc":{"start":{"line":3,"column":35},"end":{"line":6,"column":1}},"line":3},"1":{"name":"(anonymous_1)","decl":{"start":{"line":8,"column":24},"end":{"line":8,"column":25}},"loc":{"start":{"line":8,"column":54},"end":{"line":10,"column":1}},"line":8}},"branchMap":{},"s":{"0":3,"1":3,"2":6,"3":6,"4":3,"5":2,"6":3},"f":{"0":6,"1":2},"b":{},"_coverageSchema":"1a1c01bbd47fc00a2c39e90264f33305004495a9","hash":"732d561501ec091881c00b0b5649f2bfca495a5a"}
,"C:\\Users\\revir\\Desktop\\HACKTIV\\Hacktiv8\\fase 2\\Individual Project\\IP-RMT50\\server\\helpers\\geminiAI.js": {"path":"C:\\Users\\revir\\Desktop\\HACKTIV\\Hacktiv8\\fase 2\\Individual Project\\IP-RMT50\\server\\helpers\\geminiAI.js","statementMap":{"0":{"start":{"line":1,"column":31},"end":{"line":1,"column":63}},"1":{"start":{"line":2,"column":0},"end":{"line":2,"column":27}},"2":{"start":{"line":4,"column":15},"end":{"line":34,"column":1}},"3":{"start":{"line":5,"column":16},"end":{"line":5,"column":69}},"4":{"start":{"line":7,"column":16},"end":{"line":7,"column":71}},"5":{"start":{"line":9,"column":17},"end":{"line":25,"column":44}},"6":{"start":{"line":27,"column":17},"end":{"line":27,"column":52}},"7":{"start":{"line":28,"column":19},"end":{"line":28,"column":40}},"8":{"start":{"line":29,"column":13},"end":{"line":29,"column":28}},"9":{"start":{"line":30,"column":22},"end":{"line":30,"column":75}},"10":{"start":{"line":32,"column":2},"end":{"line":32,"column":33}},"11":{"start":{"line":33,"column":2},"end":{"line":33,"column":14}},"12":{"start":{"line":36,"column":0},"end":{"line":36,"column":24}},"13":{"start":{"line":43,"column":85},"end":{"line":43,"column":38892}},"14":{"start":{"line":43,"column":89},"end":{"line":43,"column":38881}}},"fnMap":{"0":{"name":"(anonymous_0)","decl":{"start":{"line":4,"column":15},"end":{"line":4,"column":16}},"loc":{"start":{"line":4,"column":33},"end":{"line":34,"column":1}},"line":4},"1":{"name":"oo_cm","decl":{"start":{"line":43,"column":77},"end":{"line":43,"column":82}},"loc":{"start":{"line":43,"column":84},"end":{"line":43,"column":38893}},"line":43}},"branchMap":{"0":{"loc":{"start":{"line":43,"column":96},"end":{"line":43,"column":38880}},"type":"binary-expr","locations":[{"start":{"line":43,"column":96},"end":{"line":43,"column":133}},{"start":{"line":43,"column":137},"end":{"line":43,"column":38880}}],"line":43}},"s":{"0":3,"1":3,"2":3,"3":0,"4":0,"5":0,"6":0,"7":0,"8":0,"9":0,"10":0,"11":0,"12":3,"13":0,"14":0},"f":{"0":0,"1":0},"b":{"0":[0,0]},"_coverageSchema":"1a1c01bbd47fc00a2c39e90264f33305004495a9","hash":"11b9092fdf611ebf3926594c1d08860d4fb29c44"}
,"C:\\Users\\revir\\Desktop\\HACKTIV\\Hacktiv8\\fase 2\\Individual Project\\IP-RMT50\\server\\helpers\\jwt.js": {"path":"C:\\Users\\revir\\Desktop\\HACKTIV\\Hacktiv8\\fase 2\\Individual Project\\IP-RMT50\\server\\helpers\\jwt.js","statementMap":{"0":{"start":{"line":1,"column":25},"end":{"line":1,"column":48}},"1":{"start":{"line":2,"column":15},"end":{"line":2,"column":37}},"2":{"start":{"line":6,"column":0},"end":{"line":9,"column":2}},"3":{"start":{"line":7,"column":26},"end":{"line":7,"column":47}},"4":{"start":{"line":8,"column":26},"end":{"line":8,"column":47}}},"fnMap":{"0":{"name":"(anonymous_0)","decl":{"start":{"line":7,"column":13},"end":{"line":7,"column":14}},"loc":{"start":{"line":7,"column":26},"end":{"line":7,"column":47}},"line":7},"1":{"name":"(anonymous_1)","decl":{"start":{"line":8,"column":15},"end":{"line":8,"column":16}},"loc":{"start":{"line":8,"column":26},"end":{"line":8,"column":47}},"line":8}},"branchMap":{},"s":{"0":3,"1":3,"2":3,"3":4,"4":8},"f":{"0":4,"1":8},"b":{},"_coverageSchema":"1a1c01bbd47fc00a2c39e90264f33305004495a9","hash":"bf6fb7b78809b2a554a8e6260fe599bf377075af"}
,"C:\\Users\\revir\\Desktop\\HACKTIV\\Hacktiv8\\fase 2\\Individual Project\\IP-RMT50\\server\\middlewares\\authentication.js": {"path":"C:\\Users\\revir\\Desktop\\HACKTIV\\Hacktiv8\\fase 2\\Individual Project\\IP-RMT50\\server\\middlewares\\authentication.js","statementMap":{"0":{"start":{"line":1,"column":17},"end":{"line":1,"column":37}},"1":{"start":{"line":2,"column":24},"end":{"line":2,"column":49}},"2":{"start":{"line":5,"column":2},"end":{"line":31,"column":3}},"3":{"start":{"line":6,"column":23},"end":{"line":6,"column":48}},"4":{"start":{"line":8,"column":4},"end":{"line":10,"column":5}},"5":{"start":{"line":9,"column":6},"end":{"line":9,"column":40}},"6":{"start":{"line":11,"column":26},"end":{"line":11,"column":49}},"7":{"start":{"line":12,"column":4},"end":{"line":14,"column":5}},"8":{"start":{"line":13,"column":6},"end":{"line":13,"column":40}},"9":{"start":{"line":15,"column":23},"end":{"line":15,"column":45}},"10":{"start":{"line":16,"column":18},"end":{"line":16,"column":48}},"11":{"start":{"line":17,"column":15},"end":{"line":17,"column":46}},"12":{"start":{"line":19,"column":4},"end":{"line":21,"column":5}},"13":{"start":{"line":20,"column":6},"end":{"line":20,"column":40}},"14":{"start":{"line":23,"column":4},"end":{"line":26,"column":6}},"15":{"start":{"line":28,"column":4},"end":{"line":28,"column":11}},"16":{"start":{"line":30,"column":4},"end":{"line":30,"column":14}},"17":{"start":{"line":34,"column":0},"end":{"line":34,"column":36}}},"fnMap":{"0":{"name":"authentication","decl":{"start":{"line":4,"column":15},"end":{"line":4,"column":29}},"loc":{"start":{"line":4,"column":46},"end":{"line":32,"column":1}},"line":4}},"branchMap":{"0":{"loc":{"start":{"line":8,"column":4},"end":{"line":10,"column":5}},"type":"if","locations":[{"start":{"line":8,"column":4},"end":{"line":10,"column":5}},{"start":{},"end":{}}],"line":8},"1":{"loc":{"start":{"line":12,"column":4},"end":{"line":14,"column":5}},"type":"if","locations":[{"start":{"line":12,"column":4},"end":{"line":14,"column":5}},{"start":{},"end":{}}],"line":12},"2":{"loc":{"start":{"line":19,"column":4},"end":{"line":21,"column":5}},"type":"if","locations":[{"start":{"line":19,"column":4},"end":{"line":21,"column":5}},{"start":{},"end":{}}],"line":19}},"s":{"0":3,"1":3,"2":9,"3":9,"4":9,"5":1,"6":8,"7":8,"8":0,"9":8,"10":8,"11":5,"12":5,"13":0,"14":5,"15":5,"16":4,"17":3},"f":{"0":9},"b":{"0":[1,8],"1":[0,8],"2":[0,5]},"_coverageSchema":"1a1c01bbd47fc00a2c39e90264f33305004495a9","hash":"19d67ac1c5cb56cd3734786a1d91c09b497fe5d5"}
,"C:\\Users\\revir\\Desktop\\HACKTIV\\Hacktiv8\\fase 2\\Individual Project\\IP-RMT50\\server\\middlewares\\authorization.js": {"path":"C:\\Users\\revir\\Desktop\\HACKTIV\\Hacktiv8\\fase 2\\Individual Project\\IP-RMT50\\server\\middlewares\\authorization.js","statementMap":{"0":{"start":{"line":1,"column":17},"end":{"line":1,"column":37}},"1":{"start":{"line":4,"column":15},"end":{"line":4,"column":26}},"2":{"start":{"line":5,"column":16},"end":{"line":5,"column":29}},"3":{"start":{"line":6,"column":2},"end":{"line":24,"column":3}},"4":{"start":{"line":7,"column":15},"end":{"line":7,"column":43}},"5":{"start":{"line":8,"column":4},"end":{"line":10,"column":5}},"6":{"start":{"line":9,"column":6},"end":{"line":9,"column":40}},"7":{"start":{"line":12,"column":4},"end":{"line":15,"column":5}},"8":{"start":{"line":13,"column":6},"end":{"line":13,"column":13}},"9":{"start":{"line":14,"column":6},"end":{"line":14,"column":13}},"10":{"start":{"line":17,"column":4},"end":{"line":19,"column":5}},"11":{"start":{"line":18,"column":6},"end":{"line":18,"column":34}},"12":{"start":{"line":21,"column":4},"end":{"line":21,"column":11}},"13":{"start":{"line":23,"column":4},"end":{"line":23,"column":14}},"14":{"start":{"line":28,"column":2},"end":{"line":32,"column":3}},"15":{"start":{"line":29,"column":4},"end":{"line":29,"column":11}},"16":{"start":{"line":31,"column":4},"end":{"line":31,"column":51}},"17":{"start":{"line":35,"column":0},"end":{"line":35,"column":47}}},"fnMap":{"0":{"name":"authorization","decl":{"start":{"line":3,"column":15},"end":{"line":3,"column":28}},"loc":{"start":{"line":3,"column":45},"end":{"line":25,"column":1}},"line":3},"1":{"name":"checkAdmin","decl":{"start":{"line":27,"column":15},"end":{"line":27,"column":25}},"loc":{"start":{"line":27,"column":42},"end":{"line":33,"column":1}},"line":27}},"branchMap":{"0":{"loc":{"start":{"line":8,"column":4},"end":{"line":10,"column":5}},"type":"if","locations":[{"start":{"line":8,"column":4},"end":{"line":10,"column":5}},{"start":{},"end":{}}],"line":8},"1":{"loc":{"start":{"line":12,"column":4},"end":{"line":15,"column":5}},"type":"if","locations":[{"start":{"line":12,"column":4},"end":{"line":15,"column":5}},{"start":{},"end":{}}],"line":12},"2":{"loc":{"start":{"line":17,"column":4},"end":{"line":19,"column":5}},"type":"if","locations":[{"start":{"line":17,"column":4},"end":{"line":19,"column":5}},{"start":{},"end":{}}],"line":17},"3":{"loc":{"start":{"line":28,"column":2},"end":{"line":32,"column":3}},"type":"if","locations":[{"start":{"line":28,"column":2},"end":{"line":32,"column":3}},{"start":{"line":30,"column":9},"end":{"line":32,"column":3}}],"line":28}},"s":{"0":3,"1":0,"2":0,"3":0,"4":0,"5":0,"6":0,"7":0,"8":0,"9":0,"10":0,"11":0,"12":0,"13":0,"14":3,"15":3,"16":0,"17":3},"f":{"0":0,"1":3},"b":{"0":[0,0],"1":[0,0],"2":[0,0],"3":[3,0]},"_coverageSchema":"1a1c01bbd47fc00a2c39e90264f33305004495a9","hash":"4fee720e294b2c1c79a3daaf28cc077cb001266f"}
,"C:\\Users\\revir\\Desktop\\HACKTIV\\Hacktiv8\\fase 2\\Individual Project\\IP-RMT50\\server\\middlewares\\errorHandler.js": {"path":"C:\\Users\\revir\\Desktop\\HACKTIV\\Hacktiv8\\fase 2\\Individual Project\\IP-RMT50\\server\\middlewares\\errorHandler.js","statementMap":{"0":{"start":{"line":2,"column":15},"end":{"line":2,"column":32}},"1":{"start":{"line":3,"column":16},"end":{"line":3,"column":54}},"2":{"start":{"line":5,"column":2},"end":{"line":51,"column":3}},"3":{"start":{"line":8,"column":6},"end":{"line":8,"column":19}},"4":{"start":{"line":9,"column":6},"end":{"line":9,"column":38}},"5":{"start":{"line":10,"column":6},"end":{"line":10,"column":12}},"6":{"start":{"line":12,"column":6},"end":{"line":12,"column":19}},"7":{"start":{"line":13,"column":6},"end":{"line":13,"column":45}},"8":{"start":{"line":14,"column":6},"end":{"line":14,"column":12}},"9":{"start":{"line":16,"column":6},"end":{"line":16,"column":19}},"10":{"start":{"line":17,"column":6},"end":{"line":17,"column":41}},"11":{"start":{"line":18,"column":6},"end":{"line":18,"column":12}},"12":{"start":{"line":22,"column":6},"end":{"line":22,"column":19}},"13":{"start":{"line":23,"column":6},"end":{"line":23,"column":34}},"14":{"start":{"line":24,"column":6},"end":{"line":24,"column":12}},"15":{"start":{"line":26,"column":6},"end":{"line":26,"column":19}},"16":{"start":{"line":27,"column":6},"end":{"line":27,"column":47}},"17":{"start":{"line":28,"column":6},"end":{"line":28,"column":12}},"18":{"start":{"line":30,"column":6},"end":{"line":30,"column":19}},"19":{"start":{"line":31,"column":6},"end":{"line":31,"column":41}},"20":{"start":{"line":32,"column":6},"end":{"line":32,"column":12}},"21":{"start":{"line":34,"column":6},"end":{"line":34,"column":19}},"22":{"start":{"line":35,"column":6},"end":{"line":35,"column":36}},"23":{"start":{"line":36,"column":6},"end":{"line":36,"column":12}},"24":{"start":{"line":38,"column":6},"end":{"line":38,"column":19}},"25":{"start":{"line":39,"column":6},"end":{"line":39,"column":39}},"26":{"start":{"line":40,"column":6},"end":{"line":40,"column":12}},"27":{"start":{"line":42,"column":6},"end":{"line":42,"column":19}},"28":{"start":{"line":43,"column":6},"end":{"line":43,"column":37}},"29":{"start":{"line":45,"column":6},"end":{"line":45,"column":19}},"30":{"start":{"line":46,"column":6},"end":{"line":46,"column":34}},"31":{"start":{"line":47,"column":6},"end":{"line":47,"column":12}},"32":{"start":{"line":49,"column":6},"end":{"line":49,"column":25}},"33":{"start":{"line":50,"column":6},"end":{"line":50,"column":12}},"34":{"start":{"line":53,"column":2},"end":{"line":55,"column":5}},"35":{"start":{"line":58,"column":0},"end":{"line":58,"column":30}}},"fnMap":{"0":{"name":"errorHandler","decl":{"start":{"line":1,"column":9},"end":{"line":1,"column":21}},"loc":{"start":{"line":1,"column":43},"end":{"line":56,"column":1}},"line":1}},"branchMap":{"0":{"loc":{"start":{"line":2,"column":15},"end":{"line":2,"column":32}},"type":"binary-expr","locations":[{"start":{"line":2,"column":15},"end":{"line":2,"column":25}},{"start":{"line":2,"column":29},"end":{"line":2,"column":32}}],"line":2},"1":{"loc":{"start":{"line":3,"column":16},"end":{"line":3,"column":54}},"type":"binary-expr","locations":[{"start":{"line":3,"column":16},"end":{"line":3,"column":27}},{"start":{"line":3,"column":31},"end":{"line":3,"column":54}}],"line":3},"2":{"loc":{"start":{"line":5,"column":2},"end":{"line":51,"column":3}},"type":"switch","locations":[{"start":{"line":6,"column":4},"end":{"line":6,"column":42}},{"start":{"line":7,"column":4},"end":{"line":10,"column":12}},{"start":{"line":11,"column":4},"end":{"line":14,"column":12}},{"start":{"line":15,"column":4},"end":{"line":18,"column":12}},{"start":{"line":19,"column":4},"end":{"line":19,"column":27}},{"start":{"line":20,"column":4},"end":{"line":20,"column":24}},{"start":{"line":21,"column":4},"end":{"line":24,"column":12}},{"start":{"line":25,"column":4},"end":{"line":28,"column":12}},{"start":{"line":29,"column":4},"end":{"line":32,"column":12}},{"start":{"line":33,"column":4},"end":{"line":36,"column":12}},{"start":{"line":37,"column":4},"end":{"line":40,"column":12}},{"start":{"line":41,"column":4},"end":{"line":43,"column":37}},{"start":{"line":44,"column":4},"end":{"line":47,"column":12}},{"start":{"line":48,"column":4},"end":{"line":50,"column":12}}],"line":5}},"s":{"0":11,"1":11,"2":11,"3":2,"4":2,"5":2,"6":0,"7":0,"8":0,"9":1,"10":1,"11":1,"12":4,"13":4,"14":4,"15":0,"16":0,"17":0,"18":0,"19":0,"20":0,"21":1,"22":1,"23":1,"24":1,"25":1,"26":1,"27":1,"28":1,"29":1,"30":1,"31":1,"32":1,"33":1,"34":11,"35":3},"f":{"0":11},"b":{"0":[11,11],"1":[11,6],"2":[0,2,0,1,1,1,4,0,0,1,1,1,1,1]},"_coverageSchema":"1a1c01bbd47fc00a2c39e90264f33305004495a9","hash":"0de9fb37a9b8a08316c68bb9054fe1eee2e1496a"}
,"C:\\Users\\revir\\Desktop\\HACKTIV\\Hacktiv8\\fase 2\\Individual Project\\IP-RMT50\\server\\models\\character.js": {"path":"C:\\Users\\revir\\Desktop\\HACKTIV\\Hacktiv8\\fase 2\\Individual Project\\IP-RMT50\\server\\models\\character.js","statementMap":{"0":{"start":{"line":2,"column":18},"end":{"line":2,"column":38}},"1":{"start":{"line":4,"column":0},"end":{"line":56,"column":2}},"2":{"start":{"line":7,"column":6},"end":{"line":7,"column":65}},"3":{"start":{"line":8,"column":6},"end":{"line":8,"column":71}},"4":{"start":{"line":12,"column":2},"end":{"line":53,"column":5}},"5":{"start":{"line":55,"column":2},"end":{"line":55,"column":19}}},"fnMap":{"0":{"name":"(anonymous_0)","decl":{"start":{"line":4,"column":17},"end":{"line":4,"column":18}},"loc":{"start":{"line":4,"column":43},"end":{"line":56,"column":1}},"line":4},"1":{"name":"(anonymous_1)","decl":{"start":{"line":6,"column":4},"end":{"line":6,"column":5}},"loc":{"start":{"line":6,"column":29},"end":{"line":9,"column":5}},"line":6}},"branchMap":{},"s":{"0":3,"1":3,"2":3,"3":3,"4":3,"5":3},"f":{"0":3,"1":3},"b":{},"_coverageSchema":"1a1c01bbd47fc00a2c39e90264f33305004495a9","hash":"a03dc97336a611dd06a4d91acf2ded934a7c7610"}
,"C:\\Users\\revir\\Desktop\\HACKTIV\\Hacktiv8\\fase 2\\Individual Project\\IP-RMT50\\server\\models\\index.js": {"path":"C:\\Users\\revir\\Desktop\\HACKTIV\\Hacktiv8\\fase 2\\Individual Project\\IP-RMT50\\server\\models\\index.js","statementMap":{"0":{"start":{"line":3,"column":11},"end":{"line":3,"column":24}},"1":{"start":{"line":4,"column":13},"end":{"line":4,"column":28}},"2":{"start":{"line":5,"column":18},"end":{"line":5,"column":38}},"3":{"start":{"line":6,"column":16},"end":{"line":6,"column":34}},"4":{"start":{"line":7,"column":17},"end":{"line":7,"column":42}},"5":{"start":{"line":8,"column":12},"end":{"line":8,"column":49}},"6":{"start":{"line":9,"column":15},"end":{"line":9,"column":65}},"7":{"start":{"line":10,"column":11},"end":{"line":10,"column":13}},"8":{"start":{"line":13,"column":0},"end":{"line":17,"column":1}},"9":{"start":{"line":14,"column":2},"end":{"line":14,"column":74}},"10":{"start":{"line":16,"column":2},"end":{"line":16,"column":87}},"11":{"start":{"line":19,"column":0},"end":{"line":32,"column":5}},"12":{"start":{"line":22,"column":4},"end":{"line":27,"column":6}},"13":{"start":{"line":30,"column":18},"end":{"line":30,"column":85}},"14":{"start":{"line":31,"column":4},"end":{"line":31,"column":27}},"15":{"start":{"line":34,"column":0},"end":{"line":38,"column":3}},"16":{"start":{"line":35,"column":2},"end":{"line":37,"column":3}},"17":{"start":{"line":36,"column":4},"end":{"line":36,"column":32}},"18":{"start":{"line":40,"column":0},"end":{"line":40,"column":25}},"19":{"start":{"line":41,"column":0},"end":{"line":41,"column":25}},"20":{"start":{"line":43,"column":0},"end":{"line":43,"column":20}}},"fnMap":{"0":{"name":"(anonymous_0)","decl":{"start":{"line":21,"column":10},"end":{"line":21,"column":11}},"loc":{"start":{"line":21,"column":18},"end":{"line":28,"column":3}},"line":21},"1":{"name":"(anonymous_1)","decl":{"start":{"line":29,"column":11},"end":{"line":29,"column":12}},"loc":{"start":{"line":29,"column":19},"end":{"line":32,"column":3}},"line":29},"2":{"name":"(anonymous_2)","decl":{"start":{"line":34,"column":24},"end":{"line":34,"column":25}},"loc":{"start":{"line":34,"column":37},"end":{"line":38,"column":1}},"line":34}},"branchMap":{"0":{"loc":{"start":{"line":8,"column":12},"end":{"line":8,"column":49}},"type":"binary-expr","locations":[{"start":{"line":8,"column":12},"end":{"line":8,"column":32}},{"start":{"line":8,"column":36},"end":{"line":8,"column":49}}],"line":8},"1":{"loc":{"start":{"line":13,"column":0},"end":{"line":17,"column":1}},"type":"if","locations":[{"start":{"line":13,"column":0},"end":{"line":17,"column":1}},{"start":{"line":15,"column":7},"end":{"line":17,"column":1}}],"line":13},"2":{"loc":{"start":{"line":23,"column":6},"end":{"line":26,"column":37}},"type":"binary-expr","locations":[{"start":{"line":23,"column":6},"end":{"line":23,"column":29}},{"start":{"line":24,"column":6},"end":{"line":24,"column":23}},{"start":{"line":25,"column":6},"end":{"line":25,"column":30}},{"start":{"line":26,"column":6},"end":{"line":26,"column":37}}],"line":23},"3":{"loc":{"start":{"line":35,"column":2},"end":{"line":37,"column":3}},"type":"if","locations":[{"start":{"line":35,"column":2},"end":{"line":37,"column":3}},{"start":{},"end":{}}],"line":35}},"s":{"0":3,"1":3,"2":3,"3":3,"4":3,"5":3,"6":3,"7":3,"8":3,"9":0,"10":3,"11":3,"12":12,"13":9,"14":9,"15":3,"16":9,"17":9,"18":3,"19":3,"20":3},"f":{"0":12,"1":9,"2":9},"b":{"0":[3,0],"1":[0,3],"2":[12,12,9,9],"3":[9,0]},"_coverageSchema":"1a1c01bbd47fc00a2c39e90264f33305004495a9","hash":"2d37faf87a1a1204cf83326a92a7d54e7544eb24"}
,"C:\\Users\\revir\\Desktop\\HACKTIV\\Hacktiv8\\fase 2\\Individual Project\\IP-RMT50\\server\\models\\user.js": {"path":"C:\\Users\\revir\\Desktop\\HACKTIV\\Hacktiv8\\fase 2\\Individual Project\\IP-RMT50\\server\\models\\user.js","statementMap":{"0":{"start":{"line":2,"column":25},"end":{"line":2,"column":53}},"1":{"start":{"line":3,"column":18},"end":{"line":3,"column":38}},"2":{"start":{"line":5,"column":0},"end":{"line":97,"column":2}},"3":{"start":{"line":8,"column":6},"end":{"line":8,"column":81}},"4":{"start":{"line":9,"column":6},"end":{"line":9,"column":63}},"5":{"start":{"line":13,"column":2},"end":{"line":94,"column":5}},"6":{"start":{"line":90,"column":8},"end":{"line":91,"column":31}},"7":{"start":{"line":96,"column":2},"end":{"line":96,"column":14}}},"fnMap":{"0":{"name":"(anonymous_0)","decl":{"start":{"line":5,"column":17},"end":{"line":5,"column":18}},"loc":{"start":{"line":5,"column":43},"end":{"line":97,"column":1}},"line":5},"1":{"name":"(anonymous_1)","decl":{"start":{"line":7,"column":4},"end":{"line":7,"column":5}},"loc":{"start":{"line":7,"column":29},"end":{"line":10,"column":5}},"line":7},"2":{"name":"(anonymous_2)","decl":{"start":{"line":89,"column":20},"end":{"line":89,"column":21}},"loc":{"start":{"line":89,"column":30},"end":{"line":92,"column":7}},"line":89}},"branchMap":{},"s":{"0":3,"1":3,"2":3,"3":3,"4":3,"5":3,"6":2,"7":3},"f":{"0":3,"1":3,"2":2},"b":{},"_coverageSchema":"1a1c01bbd47fc00a2c39e90264f33305004495a9","hash":"a8d5e14e7031c2aa900cfd0a8fb66208d8ed3145"}
,"C:\\Users\\revir\\Desktop\\HACKTIV\\Hacktiv8\\fase 2\\Individual Project\\IP-RMT50\\server\\models\\village.js": {"path":"C:\\Users\\revir\\Desktop\\HACKTIV\\Hacktiv8\\fase 2\\Individual Project\\IP-RMT50\\server\\models\\village.js","statementMap":{"0":{"start":{"line":2,"column":18},"end":{"line":2,"column":38}},"1":{"start":{"line":3,"column":0},"end":{"line":37,"column":2}},"2":{"start":{"line":6,"column":6},"end":{"line":8,"column":9}},"3":{"start":{"line":11,"column":2},"end":{"line":35,"column":5}},"4":{"start":{"line":36,"column":2},"end":{"line":36,"column":17}}},"fnMap":{"0":{"name":"(anonymous_0)","decl":{"start":{"line":3,"column":17},"end":{"line":3,"column":18}},"loc":{"start":{"line":3,"column":43},"end":{"line":37,"column":1}},"line":3},"1":{"name":"(anonymous_1)","decl":{"start":{"line":5,"column":4},"end":{"line":5,"column":5}},"loc":{"start":{"line":5,"column":29},"end":{"line":9,"column":5}},"line":5}},"branchMap":{},"s":{"0":3,"1":3,"2":3,"3":3,"4":3},"f":{"0":3,"1":3},"b":{},"_coverageSchema":"1a1c01bbd47fc00a2c39e90264f33305004495a9","hash":"86e2c36cab3084814fdb839b00b9ac908b863e46"}
,"C:\\Users\\revir\\Desktop\\HACKTIV\\Hacktiv8\\fase 2\\Individual Project\\IP-RMT50\\server\\routes\\characters.js": {"path":"C:\\Users\\revir\\Desktop\\HACKTIV\\Hacktiv8\\fase 2\\Individual Project\\IP-RMT50\\server\\routes\\characters.js","statementMap":{"0":{"start":{"line":1,"column":15},"end":{"line":1,"column":42}},"1":{"start":{"line":8,"column":4},"end":{"line":8,"column":49}},"2":{"start":{"line":9,"column":27},"end":{"line":9,"column":67}},"3":{"start":{"line":10,"column":23},"end":{"line":10,"column":62}},"4":{"start":{"line":12,"column":0},"end":{"line":12,"column":41}},"5":{"start":{"line":14,"column":0},"end":{"line":14,"column":48}},"6":{"start":{"line":16,"column":0},"end":{"line":16,"column":27}},"7":{"start":{"line":17,"column":0},"end":{"line":17,"column":44}},"8":{"start":{"line":18,"column":0},"end":{"line":18,"column":51}},"9":{"start":{"line":19,"column":0},"end":{"line":19,"column":54}},"10":{"start":{"line":21,"column":0},"end":{"line":21,"column":24}}},"fnMap":{},"branchMap":{},"s":{"0":3,"1":3,"2":3,"3":3,"4":3,"5":3,"6":3,"7":3,"8":3,"9":3,"10":3},"f":{},"b":{},"_coverageSchema":"1a1c01bbd47fc00a2c39e90264f33305004495a9","hash":"2be43b7d9b7e903da69480c6a7f42131f2936072"}
,"C:\\Users\\revir\\Desktop\\HACKTIV\\Hacktiv8\\fase 2\\Individual Project\\IP-RMT50\\server\\routes\\index.js": {"path":"C:\\Users\\revir\\Desktop\\HACKTIV\\Hacktiv8\\fase 2\\Individual Project\\IP-RMT50\\server\\routes\\index.js","statementMap":{"0":{"start":{"line":1,"column":15},"end":{"line":1,"column":42}},"1":{"start":{"line":14,"column":4},"end":{"line":14,"column":44}},"2":{"start":{"line":15,"column":27},"end":{"line":15,"column":67}},"3":{"start":{"line":16,"column":23},"end":{"line":16,"column":62}},"4":{"start":{"line":18,"column":15},"end":{"line":18,"column":38}},"5":{"start":{"line":19,"column":15},"end":{"line":19,"column":35}},"6":{"start":{"line":21,"column":0},"end":{"line":21,"column":29}},"7":{"start":{"line":22,"column":0},"end":{"line":22,"column":35}},"8":{"start":{"line":23,"column":0},"end":{"line":23,"column":33}},"9":{"start":{"line":24,"column":0},"end":{"line":24,"column":42}},"10":{"start":{"line":26,"column":0},"end":{"line":26,"column":27}},"11":{"start":{"line":28,"column":0},"end":{"line":28,"column":38}},"12":{"start":{"line":29,"column":0},"end":{"line":29,"column":35}},"13":{"start":{"line":30,"column":0},"end":{"line":30,"column":30}},"14":{"start":{"line":31,"column":0},"end":{"line":31,"column":39}},"15":{"start":{"line":32,"column":0},"end":{"line":32,"column":46}},"16":{"start":{"line":33,"column":0},"end":{"line":33,"column":37}},"17":{"start":{"line":34,"column":0},"end":{"line":34,"column":52}},"18":{"start":{"line":36,"column":0},"end":{"line":36,"column":19}},"19":{"start":{"line":37,"column":0},"end":{"line":37,"column":19}},"20":{"start":{"line":39,"column":0},"end":{"line":39,"column":24}}},"fnMap":{},"branchMap":{},"s":{"0":3,"1":3,"2":3,"3":3,"4":3,"5":3,"6":3,"7":3,"8":3,"9":3,"10":3,"11":3,"12":3,"13":3,"14":3,"15":3,"16":3,"17":3,"18":3,"19":3,"20":3},"f":{},"b":{},"_coverageSchema":"1a1c01bbd47fc00a2c39e90264f33305004495a9","hash":"c9ed71fff785ed0fe0737ed93a0bc1d0103bf777"}
,"C:\\Users\\revir\\Desktop\\HACKTIV\\Hacktiv8\\fase 2\\Individual Project\\IP-RMT50\\server\\routes\\village.js": {"path":"C:\\Users\\revir\\Desktop\\HACKTIV\\Hacktiv8\\fase 2\\Individual Project\\IP-RMT50\\server\\routes\\village.js","statementMap":{"0":{"start":{"line":1,"column":15},"end":{"line":1,"column":42}},"1":{"start":{"line":8,"column":4},"end":{"line":8,"column":47}},"2":{"start":{"line":9,"column":27},"end":{"line":9,"column":67}},"3":{"start":{"line":10,"column":23},"end":{"line":10,"column":62}},"4":{"start":{"line":12,"column":0},"end":{"line":12,"column":37}},"5":{"start":{"line":14,"column":0},"end":{"line":14,"column":44}},"6":{"start":{"line":16,"column":0},"end":{"line":16,"column":27}},"7":{"start":{"line":17,"column":0},"end":{"line":17,"column":52}},"8":{"start":{"line":18,"column":0},"end":{"line":18,"column":59}},"9":{"start":{"line":19,"column":0},"end":{"line":19,"column":62}},"10":{"start":{"line":21,"column":0},"end":{"line":21,"column":24}}},"fnMap":{},"branchMap":{},"s":{"0":3,"1":3,"2":3,"3":3,"4":3,"5":3,"6":3,"7":3,"8":3,"9":3,"10":3},"f":{},"b":{},"_coverageSchema":"1a1c01bbd47fc00a2c39e90264f33305004495a9","hash":"a052f3d3e2471862eef40c8a1a4e1d85eab9da2e"}
}
